[1;34m/* ***************************************** */[0m
[1;34m/* ************** TESTS VECTOR ************* */[0m
[1;34m/* ***************************************** */[0m

[1;35m/* ******** Vector Constructor Test ******** */[0m

Vector 'first' values :

Vector 'fourth' values :
-1094795586 -1094795586 -1094795586 -1094795586 
Vector 'fifth' values :
15 3 50 30 

[1;35m/* ******** Vector Operators Test ********** */[0m

Size of first : 0
Size of second : 3

[1;35m/* ******** Vector Begin Test ************** */[0m

Vec contains :
-1094795586 -1094795586 -1094795586 4 5 

[1;35m/* ******** Vector End Test **************** */[0m

Vec contains :
-1094795586 -1094795586 -1094795586 4 5 

[1;35m/* ******** Vector Rbegin Test ************* */[0m

Vec contains :
7 -1094795586 -1094795586 -1094795586 

[1;35m/* ******** Vector Rend Test *************** */[0m

Vec contains :
7 -1094795586 -1094795586 -1094795586 

[1;35m/* ******** Vector Size Test *************** */[0m

A. size : 0
B. size : 10
C. size : 20
D. size : 19

[1;35m/* ******** Vector Maxsize Test ************ */[0m

Size	 : 100
Max_size : 18446744073709551615
Capacity : 128

[1;35m/* ******** Vector Resize Test ************* */[0m

Vec contains :
-1094795586 -1094795586 -1094795586 -1094795586 -1094795586 100 100 100 0 0 0 0 

[1;35m/* ******** Vector Capacity Test *********** */[0m

Size	 : 100
Max_size : 18446744073709551615
Capacity : 128

[1;35m/* ******** Vector Empty Test ************** */[0m

Total: 926365517

[1;35m/* ******** Vector Reserve Test ************ */[0m

Making second grow :
Capacity changed to : 1
Capacity changed to : 2
Capacity changed to : 4
Capacity changed to : 8
Capacity changed to : 16
Capacity changed to : 32
Capacity changed to : 64
Capacity changed to : 128
Making third grow :
Capacity changed to : 100
Capacity changed to : 200

[1;35m/* ******** Vector Subscript Operator Test * */[0m

Vec contains :
9 8 7 6 5 4 3 2 1 0 

[1;35m/* ******** Vector At Test ***************** */[0m

Vec contains :
0 1 2 3 4 5 6 7 8 9 

[1;35m/* ******** Vector Front Test ************** */[0m

Vec front() : -1094795606

[1;35m/* ******** Vector Back Test *************** */[0m

Vec contains :
-1094795586 -1094795586 -1094795586 -1094795586 -1094795586 -1094795586 -1094795586 -1094795586 -1094795586 -1094795586 -1094795586 -1094795586 -1094795586 -1094795586 -1094795586 1 0 

[1;35m/* ******** Vector Assign Test ************* */[0m

Size of first	: 7
Vec first contains :
-1094795586 -1094795586 -1094795586 100 100 100 100 

Size of second	: 0
Vec second contains :


Size of third	: 3
Vec third contains :
-1094795586 -1094795586 8 

[1;35m/* ******** Vector Insert Test ************* */[0m

Vec first contains :
-1094795586 -1094795586 3 2 1 -1094795586 -1094795586 -1094795586 -1094795586 -1094795586 -1094795586 

[1;35m/* ******** Vector Erase Test ************** */[0m

Vec contains :
-1094795586 -1094795586 -1094795586 8 9 10 10 9 10 10 

[1;35m/* ******** Vector Swap Test *************** */[0m

*it : 100
*it : 100
Vec first contains :
200 200 200 200 

Vec second contains :
100 100 100 

[1;35m/* ******** Vector Clear Test *************** */[0m

Vec contains :
-1094795586 -1094795586 300 

Vec contains :
400 500 

[1;35m/* ******** Vector Get_Allocator Test ****** */[0m

Vec contains :
0 1 2 3 4 

[1;35m/* ******** Vector NM_Swap Test ************ */[0m

Vec first contains :
300 300 300 300 
Vec second contains :
100 100 100 

